{"/Users/bzweimueller/Documents/webserver/www/ES6_chat/test/test.js":{"path":"/Users/bzweimueller/Documents/webserver/www/ES6_chat/test/test.js","s":{"1":1,"2":1,"3":1,"4":1,"5":0,"6":0,"7":0,"8":0,"9":0,"10":0,"11":0,"12":0,"13":0,"14":0,"15":0,"16":0,"17":0,"18":0,"19":0,"20":0,"21":0,"22":0,"23":0,"24":0,"25":0,"26":0,"27":0,"28":0,"29":0,"30":0,"31":0,"32":0,"33":0,"34":0,"35":0,"36":0,"37":0,"38":0},"b":{"1":[0,0]},"f":{"1":0,"2":0,"3":0,"4":0,"5":0,"6":0,"7":0,"8":0,"9":0,"10":0,"11":0,"12":0,"13":0},"fnMap":{"1":{"name":"(anonymous_1)","line":10,"loc":{"start":{"line":10,"column":23},"end":{"line":10,"column":35}}},"2":{"name":"(anonymous_2)","line":19,"loc":{"start":{"line":19,"column":15},"end":{"line":19,"column":31}}},"3":{"name":"(anonymous_3)","line":27,"loc":{"start":{"line":27,"column":31},"end":{"line":27,"column":42}}},"4":{"name":"(anonymous_4)","line":31,"loc":{"start":{"line":31,"column":32},"end":{"line":31,"column":43}}},"5":{"name":"(anonymous_5)","line":38,"loc":{"start":{"line":38,"column":14},"end":{"line":38,"column":30}}},"6":{"name":"(anonymous_6)","line":49,"loc":{"start":{"line":49,"column":28},"end":{"line":49,"column":44}}},"7":{"name":"(anonymous_7)","line":57,"loc":{"start":{"line":57,"column":32},"end":{"line":57,"column":50}}},"8":{"name":"(anonymous_8)","line":66,"loc":{"start":{"line":66,"column":19},"end":{"line":66,"column":35}}},"9":{"name":"(anonymous_9)","line":70,"loc":{"start":{"line":70,"column":30},"end":{"line":70,"column":47}}},"10":{"name":"(anonymous_10)","line":79,"loc":{"start":{"line":79,"column":22},"end":{"line":79,"column":38}}},"11":{"name":"(anonymous_11)","line":83,"loc":{"start":{"line":83,"column":30},"end":{"line":83,"column":47}}},"12":{"name":"(anonymous_12)","line":92,"loc":{"start":{"line":92,"column":19},"end":{"line":92,"column":35}}},"13":{"name":"(anonymous_13)","line":96,"loc":{"start":{"line":96,"column":31},"end":{"line":96,"column":47}}}},"statementMap":{"1":{"start":{"line":3,"column":0},"end":{"line":3,"column":27}},"2":{"start":{"line":5,"column":0},"end":{"line":5,"column":37}},"3":{"start":{"line":7,"column":0},"end":{"line":7,"column":36}},"4":{"start":{"line":10,"column":0},"end":{"line":106,"column":4}},"5":{"start":{"line":12,"column":4},"end":{"line":17,"column":10}},"6":{"start":{"line":19,"column":4},"end":{"line":35,"column":7}},"7":{"start":{"line":21,"column":8},"end":{"line":25,"column":11}},"8":{"start":{"line":27,"column":8},"end":{"line":30,"column":11}},"9":{"start":{"line":29,"column":12},"end":{"line":29,"column":19}},"10":{"start":{"line":31,"column":8},"end":{"line":33,"column":11}},"11":{"start":{"line":38,"column":4},"end":{"line":46,"column":7}},"12":{"start":{"line":40,"column":6},"end":{"line":42,"column":7}},"13":{"start":{"line":41,"column":10},"end":{"line":41,"column":30}},"14":{"start":{"line":44,"column":6},"end":{"line":44,"column":13}},"15":{"start":{"line":49,"column":4},"end":{"line":63,"column":7}},"16":{"start":{"line":51,"column":6},"end":{"line":55,"column":9}},"17":{"start":{"line":57,"column":6},"end":{"line":60,"column":9}},"18":{"start":{"line":58,"column":8},"end":{"line":58,"column":39}},"19":{"start":{"line":59,"column":8},"end":{"line":59,"column":35}},"20":{"start":{"line":62,"column":6},"end":{"line":62,"column":13}},"21":{"start":{"line":66,"column":4},"end":{"line":76,"column":7}},"22":{"start":{"line":68,"column":6},"end":{"line":68,"column":49}},"23":{"start":{"line":70,"column":6},"end":{"line":73,"column":8}},"24":{"start":{"line":71,"column":8},"end":{"line":71,"column":29}},"25":{"start":{"line":72,"column":8},"end":{"line":72,"column":51}},"26":{"start":{"line":75,"column":6},"end":{"line":75,"column":13}},"27":{"start":{"line":79,"column":4},"end":{"line":89,"column":7}},"28":{"start":{"line":81,"column":6},"end":{"line":81,"column":40}},"29":{"start":{"line":83,"column":6},"end":{"line":86,"column":8}},"30":{"start":{"line":84,"column":8},"end":{"line":84,"column":29}},"31":{"start":{"line":85,"column":8},"end":{"line":85,"column":59}},"32":{"start":{"line":88,"column":6},"end":{"line":88,"column":13}},"33":{"start":{"line":92,"column":4},"end":{"line":102,"column":7}},"34":{"start":{"line":94,"column":6},"end":{"line":94,"column":44}},"35":{"start":{"line":96,"column":6},"end":{"line":99,"column":8}},"36":{"start":{"line":97,"column":8},"end":{"line":97,"column":47}},"37":{"start":{"line":98,"column":8},"end":{"line":98,"column":42}},"38":{"start":{"line":101,"column":6},"end":{"line":101,"column":13}}},"branchMap":{"1":{"line":40,"type":"if","locations":[{"start":{"line":40,"column":6},"end":{"line":40,"column":6}},{"start":{"line":40,"column":6},"end":{"line":40,"column":6}}]}}}}