{"/Users/bzweimueller/Documents/webserver/www/ES6_chat/app.js":{"path":"/Users/bzweimueller/Documents/webserver/www/ES6_chat/app.js","s":{"1":1,"2":1,"3":1,"4":1,"5":1,"6":1,"7":1,"8":1,"9":1,"10":1,"11":1,"12":0,"13":1,"14":1,"15":1,"16":1,"17":1,"18":1,"19":1,"20":1,"21":5,"22":5,"23":5,"24":5,"25":5,"26":0,"27":0,"28":5,"29":25,"30":5,"31":0,"32":5,"33":1,"34":0,"35":1,"36":1,"37":1,"38":1,"39":1,"40":1,"41":1,"42":1,"43":1,"44":1,"45":0,"46":5,"47":1,"48":1,"49":1,"50":1,"51":1,"52":1,"53":1,"54":1,"55":1,"56":5,"57":1,"58":1,"59":1,"60":5,"61":2,"62":2,"63":2},"b":{"1":[1,1],"2":[0,5],"3":[0,1],"4":[1,0]},"f":{"1":0,"2":1,"3":5,"4":5,"5":0,"6":1,"7":1,"8":1,"9":2},"fnMap":{"1":{"name":"(anonymous_1)","line":34,"loc":{"start":{"line":34,"column":13},"end":{"line":34,"column":33}}},"2":{"name":"(anonymous_2)","line":55,"loc":{"start":{"line":55,"column":11},"end":{"line":55,"column":22}}},"3":{"name":"(anonymous_3)","line":67,"loc":{"start":{"line":67,"column":28},"end":{"line":67,"column":46}}},"4":{"name":"(anonymous_4)","line":76,"loc":{"start":{"line":76,"column":22},"end":{"line":76,"column":46}}},"5":{"name":"(anonymous_5)","line":91,"loc":{"start":{"line":91,"column":23},"end":{"line":91,"column":39}}},"6":{"name":"(anonymous_6)","line":97,"loc":{"start":{"line":97,"column":23},"end":{"line":97,"column":51}}},"7":{"name":"(anonymous_7)","line":131,"loc":{"start":{"line":131,"column":26},"end":{"line":131,"column":43}}},"8":{"name":"(anonymous_8)","line":148,"loc":{"start":{"line":148,"column":26},"end":{"line":148,"column":43}}},"9":{"name":"(anonymous_9)","line":160,"loc":{"start":{"line":160,"column":26},"end":{"line":160,"column":36}}}},"statementMap":{"1":{"start":{"line":9,"column":0},"end":{"line":14,"column":35}},"2":{"start":{"line":16,"column":0},"end":{"line":16,"column":49}},"3":{"start":{"line":17,"column":0},"end":{"line":17,"column":27}},"4":{"start":{"line":20,"column":0},"end":{"line":20,"column":27}},"5":{"start":{"line":21,"column":0},"end":{"line":21,"column":13}},"6":{"start":{"line":25,"column":0},"end":{"line":25,"column":36}},"7":{"start":{"line":28,"column":0},"end":{"line":28,"column":52}},"8":{"start":{"line":29,"column":0},"end":{"line":29,"column":67}},"9":{"start":{"line":30,"column":0},"end":{"line":30,"column":61}},"10":{"start":{"line":31,"column":0},"end":{"line":31,"column":63}},"11":{"start":{"line":34,"column":0},"end":{"line":36,"column":3}},"12":{"start":{"line":35,"column":4},"end":{"line":35,"column":49}},"13":{"start":{"line":40,"column":0},"end":{"line":40,"column":37}},"14":{"start":{"line":42,"column":0},"end":{"line":42,"column":42}},"15":{"start":{"line":43,"column":0},"end":{"line":43,"column":48}},"16":{"start":{"line":49,"column":0},"end":{"line":49,"column":31}},"17":{"start":{"line":53,"column":0},"end":{"line":58,"column":2}},"18":{"start":{"line":56,"column":8},"end":{"line":56,"column":28}},"19":{"start":{"line":62,"column":0},"end":{"line":62,"column":19}},"20":{"start":{"line":67,"column":0},"end":{"line":170,"column":3}},"21":{"start":{"line":69,"column":2},"end":{"line":69,"column":57}},"22":{"start":{"line":72,"column":2},"end":{"line":72,"column":17}},"23":{"start":{"line":75,"column":2},"end":{"line":75,"column":48}},"24":{"start":{"line":76,"column":2},"end":{"line":87,"column":5}},"25":{"start":{"line":77,"column":4},"end":{"line":86,"column":5}},"26":{"start":{"line":78,"column":8},"end":{"line":78,"column":47}},"27":{"start":{"line":79,"column":8},"end":{"line":79,"column":24}},"28":{"start":{"line":82,"column":6},"end":{"line":84,"column":7}},"29":{"start":{"line":83,"column":8},"end":{"line":83,"column":38}},"30":{"start":{"line":91,"column":1},"end":{"line":94,"column":4}},"31":{"start":{"line":93,"column":2},"end":{"line":93,"column":71}},"32":{"start":{"line":97,"column":2},"end":{"line":128,"column":5}},"33":{"start":{"line":99,"column":4},"end":{"line":127,"column":5}},"34":{"start":{"line":101,"column":6},"end":{"line":101,"column":43}},"35":{"start":{"line":102,"column":11},"end":{"line":127,"column":5}},"36":{"start":{"line":103,"column":6},"end":{"line":103,"column":47}},"37":{"start":{"line":106,"column":6},"end":{"line":106,"column":33}},"38":{"start":{"line":109,"column":6},"end":{"line":109,"column":29}},"39":{"start":{"line":112,"column":6},"end":{"line":112,"column":37}},"40":{"start":{"line":115,"column":6},"end":{"line":115,"column":28}},"41":{"start":{"line":117,"column":6},"end":{"line":117,"column":64}},"42":{"start":{"line":119,"column":6},"end":{"line":119,"column":94}},"43":{"start":{"line":120,"column":6},"end":{"line":120,"column":50}},"44":{"start":{"line":122,"column":6},"end":{"line":122,"column":48}},"45":{"start":{"line":126,"column":5},"end":{"line":126,"column":62}},"46":{"start":{"line":131,"column":2},"end":{"line":145,"column":5}},"47":{"start":{"line":133,"column":4},"end":{"line":133,"column":30}},"48":{"start":{"line":135,"column":4},"end":{"line":135,"column":25}},"49":{"start":{"line":136,"column":4},"end":{"line":136,"column":75}},"50":{"start":{"line":138,"column":4},"end":{"line":138,"column":105}},"51":{"start":{"line":140,"column":4},"end":{"line":140,"column":26}},"52":{"start":{"line":141,"column":4},"end":{"line":141,"column":103}},"53":{"start":{"line":142,"column":4},"end":{"line":142,"column":47}},"54":{"start":{"line":143,"column":4},"end":{"line":143,"column":80}},"55":{"start":{"line":144,"column":4},"end":{"line":144,"column":70}},"56":{"start":{"line":148,"column":2},"end":{"line":156,"column":5}},"57":{"start":{"line":151,"column":4},"end":{"line":151,"column":24}},"58":{"start":{"line":154,"column":4},"end":{"line":154,"column":51}},"59":{"start":{"line":155,"column":4},"end":{"line":155,"column":61}},"60":{"start":{"line":160,"column":2},"end":{"line":167,"column":5}},"61":{"start":{"line":162,"column":4},"end":{"line":162,"column":38}},"62":{"start":{"line":164,"column":4},"end":{"line":164,"column":46}},"63":{"start":{"line":166,"column":4},"end":{"line":166,"column":89}}},"branchMap":{"1":{"line":25,"type":"binary-expr","locations":[{"start":{"line":25,"column":11},"end":{"line":25,"column":27}},{"start":{"line":25,"column":31},"end":{"line":25,"column":35}}]},"2":{"line":77,"type":"if","locations":[{"start":{"line":77,"column":4},"end":{"line":77,"column":4}},{"start":{"line":77,"column":4},"end":{"line":77,"column":4}}]},"3":{"line":99,"type":"if","locations":[{"start":{"line":99,"column":4},"end":{"line":99,"column":4}},{"start":{"line":99,"column":4},"end":{"line":99,"column":4}}]},"4":{"line":102,"type":"if","locations":[{"start":{"line":102,"column":11},"end":{"line":102,"column":11}},{"start":{"line":102,"column":11},"end":{"line":102,"column":11}}]}}},"/Users/bzweimueller/Documents/webserver/www/ES6_chat/api/index.js":{"path":"/Users/bzweimueller/Documents/webserver/www/ES6_chat/api/index.js","s":{"1":1,"2":1,"3":1,"4":1,"5":1,"6":1,"7":1},"b":{},"f":{},"fnMap":{},"statementMap":{"1":{"start":{"line":3,"column":0},"end":{"line":3,"column":33}},"2":{"start":{"line":4,"column":0},"end":{"line":4,"column":30}},"3":{"start":{"line":7,"column":0},"end":{"line":7,"column":29}},"4":{"start":{"line":8,"column":0},"end":{"line":8,"column":29}},"5":{"start":{"line":11,"column":0},"end":{"line":11,"column":30}},"6":{"start":{"line":12,"column":0},"end":{"line":12,"column":30}},"7":{"start":{"line":15,"column":0},"end":{"line":15,"column":24}}},"branchMap":{}},"/Users/bzweimueller/Documents/webserver/www/ES6_chat/api/room/index.js":{"path":"/Users/bzweimueller/Documents/webserver/www/ES6_chat/api/room/index.js","s":{"1":1,"2":1,"3":1,"4":1,"5":1,"6":0,"7":0,"8":0,"9":0,"10":0,"11":0,"12":0,"13":1,"14":0,"15":0,"16":0,"17":0,"18":0,"19":0,"20":0,"21":0,"22":1,"23":1,"24":0,"25":0,"26":0,"27":0,"28":0,"29":0,"30":1},"b":{"1":[0,0],"2":[0,0],"3":[0,0],"4":[0,0],"5":[0,0],"6":[0,0]},"f":{"1":0,"2":0,"3":0,"4":0,"5":0,"6":0},"fnMap":{"1":{"name":"(anonymous_1)","line":14,"loc":{"start":{"line":14,"column":13},"end":{"line":14,"column":34}}},"2":{"name":"(anonymous_2)","line":17,"loc":{"start":{"line":17,"column":22},"end":{"line":17,"column":42}}},"3":{"name":"(anonymous_3)","line":32,"loc":{"start":{"line":32,"column":14},"end":{"line":32,"column":34}}},"4":{"name":"(anonymous_4)","line":40,"loc":{"start":{"line":40,"column":13},"end":{"line":40,"column":27}}},"5":{"name":"(anonymous_5)","line":60,"loc":{"start":{"line":60,"column":16},"end":{"line":60,"column":37}}},"6":{"name":"(anonymous_6)","line":65,"loc":{"start":{"line":65,"column":50},"end":{"line":65,"column":64}}}},"statementMap":{"1":{"start":{"line":5,"column":0},"end":{"line":5,"column":41}},"2":{"start":{"line":6,"column":0},"end":{"line":6,"column":34}},"3":{"start":{"line":9,"column":0},"end":{"line":9,"column":35}},"4":{"start":{"line":10,"column":0},"end":{"line":10,"column":43}},"5":{"start":{"line":14,"column":0},"end":{"line":30,"column":3}},"6":{"start":{"line":17,"column":2},"end":{"line":28,"column":7}},"7":{"start":{"line":18,"column":8},"end":{"line":27,"column":9}},"8":{"start":{"line":19,"column":12},"end":{"line":19,"column":51}},"9":{"start":{"line":20,"column":12},"end":{"line":20,"column":28}},"10":{"start":{"line":23,"column":12},"end":{"line":25,"column":13}},"11":{"start":{"line":24,"column":16},"end":{"line":24,"column":27}},"12":{"start":{"line":26,"column":12},"end":{"line":26,"column":28}},"13":{"start":{"line":32,"column":0},"end":{"line":54,"column":3}},"14":{"start":{"line":35,"column":2},"end":{"line":37,"column":5}},"15":{"start":{"line":40,"column":2},"end":{"line":53,"column":5}},"16":{"start":{"line":41,"column":6},"end":{"line":52,"column":7}},"17":{"start":{"line":42,"column":8},"end":{"line":49,"column":9}},"18":{"start":{"line":44,"column":12},"end":{"line":44,"column":70}},"19":{"start":{"line":47,"column":12},"end":{"line":47,"column":61}},"20":{"start":{"line":48,"column":12},"end":{"line":48,"column":40}},"21":{"start":{"line":51,"column":10},"end":{"line":51,"column":32}},"22":{"start":{"line":57,"column":0},"end":{"line":57,"column":39}},"23":{"start":{"line":60,"column":0},"end":{"line":73,"column":3}},"24":{"start":{"line":61,"column":2},"end":{"line":61,"column":29}},"25":{"start":{"line":65,"column":2},"end":{"line":72,"column":7}},"26":{"start":{"line":66,"column":8},"end":{"line":71,"column":9}},"27":{"start":{"line":67,"column":12},"end":{"line":67,"column":60}},"28":{"start":{"line":69,"column":12},"end":{"line":69,"column":40}},"29":{"start":{"line":70,"column":12},"end":{"line":70,"column":36}},"30":{"start":{"line":76,"column":0},"end":{"line":76,"column":24}}},"branchMap":{"1":{"line":18,"type":"if","locations":[{"start":{"line":18,"column":8},"end":{"line":18,"column":8}},{"start":{"line":18,"column":8},"end":{"line":18,"column":8}}]},"2":{"line":23,"type":"if","locations":[{"start":{"line":23,"column":12},"end":{"line":23,"column":12}},{"start":{"line":23,"column":12},"end":{"line":23,"column":12}}]},"3":{"line":41,"type":"if","locations":[{"start":{"line":41,"column":6},"end":{"line":41,"column":6}},{"start":{"line":41,"column":6},"end":{"line":41,"column":6}}]},"4":{"line":42,"type":"if","locations":[{"start":{"line":42,"column":8},"end":{"line":42,"column":8}},{"start":{"line":42,"column":8},"end":{"line":42,"column":8}}]},"5":{"line":42,"type":"binary-expr","locations":[{"start":{"line":42,"column":13},"end":{"line":42,"column":31}},{"start":{"line":42,"column":35},"end":{"line":42,"column":50}}]},"6":{"line":66,"type":"if","locations":[{"start":{"line":66,"column":8},"end":{"line":66,"column":8}},{"start":{"line":66,"column":8},"end":{"line":66,"column":8}}]}}},"/Users/bzweimueller/Documents/webserver/www/ES6_chat/api/room/room.js":{"path":"/Users/bzweimueller/Documents/webserver/www/ES6_chat/api/room/room.js","s":{"1":1,"2":1,"3":1,"4":1},"b":{},"f":{},"fnMap":{},"statementMap":{"1":{"start":{"line":3,"column":0},"end":{"line":3,"column":35}},"2":{"start":{"line":6,"column":0},"end":{"line":6,"column":37}},"3":{"start":{"line":10,"column":0},"end":{"line":16,"column":3}},"4":{"start":{"line":18,"column":0},"end":{"line":21,"column":2}}},"branchMap":{}},"/Users/bzweimueller/Documents/webserver/www/ES6_chat/api/connection.js":{"path":"/Users/bzweimueller/Documents/webserver/www/ES6_chat/api/connection.js","s":{"1":1,"2":1,"3":1,"4":1,"5":1,"6":1,"7":0,"8":1,"9":0,"10":0,"11":1,"12":1,"13":1,"14":1,"15":1,"16":2,"17":0,"18":0,"19":0,"20":2,"21":1,"22":1,"23":1,"24":1,"25":1,"26":1,"27":0,"28":1,"29":1,"30":1,"31":1},"b":{"1":[0,2],"2":[1,1],"3":[0,1]},"f":{"1":1,"2":0,"3":0,"4":1,"5":1,"6":0,"7":1,"8":1},"fnMap":{"1":{"name":"(anonymous_1)","line":7,"loc":{"start":{"line":7,"column":18},"end":{"line":7,"column":29}}},"2":{"name":"(anonymous_2)","line":23,"loc":{"start":{"line":23,"column":23},"end":{"line":23,"column":39}}},"3":{"name":"(anonymous_3)","line":28,"loc":{"start":{"line":28,"column":30},"end":{"line":28,"column":41}}},"4":{"name":"(anonymous_4)","line":34,"loc":{"start":{"line":34,"column":22},"end":{"line":34,"column":33}}},"5":{"name":"(anonymous_5)","line":40,"loc":{"start":{"line":40,"column":34},"end":{"line":40,"column":56}}},"6":{"name":"(anonymous_6)","line":47,"loc":{"start":{"line":47,"column":50},"end":{"line":47,"column":64}}},"7":{"name":"(anonymous_7)","line":55,"loc":{"start":{"line":55,"column":50},"end":{"line":55,"column":64}}},"8":{"name":"onInsert","line":70,"loc":{"start":{"line":70,"column":4},"end":{"line":70,"column":33}}}},"statementMap":{"1":{"start":{"line":3,"column":0},"end":{"line":3,"column":37}},"2":{"start":{"line":5,"column":0},"end":{"line":5,"column":22}},"3":{"start":{"line":7,"column":0},"end":{"line":17,"column":1}},"4":{"start":{"line":10,"column":2},"end":{"line":16,"column":5}},"5":{"start":{"line":20,"column":0},"end":{"line":20,"column":14}},"6":{"start":{"line":23,"column":0},"end":{"line":25,"column":3}},"7":{"start":{"line":24,"column":4},"end":{"line":24,"column":77}},"8":{"start":{"line":28,"column":0},"end":{"line":31,"column":3}},"9":{"start":{"line":29,"column":4},"end":{"line":29,"column":50}},"10":{"start":{"line":30,"column":4},"end":{"line":30,"column":18}},"11":{"start":{"line":34,"column":0},"end":{"line":79,"column":3}},"12":{"start":{"line":35,"column":4},"end":{"line":35,"column":54}},"13":{"start":{"line":39,"column":4},"end":{"line":39,"column":114}},"14":{"start":{"line":40,"column":4},"end":{"line":67,"column":7}},"15":{"start":{"line":44,"column":8},"end":{"line":65,"column":9}},"16":{"start":{"line":46,"column":10},"end":{"line":51,"column":11}},"17":{"start":{"line":47,"column":12},"end":{"line":50,"column":15}},"18":{"start":{"line":48,"column":14},"end":{"line":48,"column":55}},"19":{"start":{"line":49,"column":16},"end":{"line":49,"column":62}},"20":{"start":{"line":54,"column":10},"end":{"line":60,"column":11}},"21":{"start":{"line":55,"column":12},"end":{"line":59,"column":15}},"22":{"start":{"line":56,"column":16},"end":{"line":56,"column":57}},"23":{"start":{"line":57,"column":16},"end":{"line":57,"column":62}},"24":{"start":{"line":66,"column":8},"end":{"line":66,"column":67}},"25":{"start":{"line":70,"column":4},"end":{"line":78,"column":5}},"26":{"start":{"line":71,"column":8},"end":{"line":77,"column":9}},"27":{"start":{"line":72,"column":12},"end":{"line":72,"column":43}},"28":{"start":{"line":74,"column":12},"end":{"line":74,"column":55}},"29":{"start":{"line":75,"column":12},"end":{"line":75,"column":50}},"30":{"start":{"line":76,"column":12},"end":{"line":76,"column":88}},"31":{"start":{"line":81,"column":0},"end":{"line":81,"column":28}}},"branchMap":{"1":{"line":46,"type":"if","locations":[{"start":{"line":46,"column":10},"end":{"line":46,"column":10}},{"start":{"line":46,"column":10},"end":{"line":46,"column":10}}]},"2":{"line":54,"type":"if","locations":[{"start":{"line":54,"column":10},"end":{"line":54,"column":10}},{"start":{"line":54,"column":10},"end":{"line":54,"column":10}}]},"3":{"line":71,"type":"if","locations":[{"start":{"line":71,"column":8},"end":{"line":71,"column":8}},{"start":{"line":71,"column":8},"end":{"line":71,"column":8}}]}}},"/Users/bzweimueller/Documents/webserver/www/ES6_chat/api/user/user.js":{"path":"/Users/bzweimueller/Documents/webserver/www/ES6_chat/api/user/user.js","s":{"1":1,"2":1,"3":1,"4":1},"b":{},"f":{},"fnMap":{},"statementMap":{"1":{"start":{"line":3,"column":0},"end":{"line":3,"column":37}},"2":{"start":{"line":6,"column":0},"end":{"line":6,"column":39}},"3":{"start":{"line":10,"column":0},"end":{"line":19,"column":3}},"4":{"start":{"line":22,"column":0},"end":{"line":25,"column":2}}},"branchMap":{}},"/Users/bzweimueller/Documents/webserver/www/ES6_chat/api/user/index.js":{"path":"/Users/bzweimueller/Documents/webserver/www/ES6_chat/api/user/index.js","s":{"1":1,"2":1,"3":1,"4":1,"5":0,"6":0,"7":0,"8":0,"9":0,"10":0,"11":0,"12":1,"13":0,"14":0,"15":0,"16":0,"17":0,"18":0,"19":0,"20":0,"21":1,"22":1,"23":0,"24":0,"25":0,"26":0,"27":1},"b":{"1":[0,0],"2":[0,0],"3":[0,0],"4":[0,0],"5":[0,0],"6":[0,0]},"f":{"1":0,"2":0,"3":0,"4":0,"5":0,"6":0},"fnMap":{"1":{"name":"(anonymous_1)","line":13,"loc":{"start":{"line":13,"column":13},"end":{"line":13,"column":33}}},"2":{"name":"(anonymous_2)","line":16,"loc":{"start":{"line":16,"column":19},"end":{"line":16,"column":41}}},"3":{"name":"(anonymous_3)","line":32,"loc":{"start":{"line":32,"column":14},"end":{"line":32,"column":33}}},"4":{"name":"(anonymous_4)","line":41,"loc":{"start":{"line":41,"column":13},"end":{"line":41,"column":27}}},"5":{"name":"(anonymous_5)","line":62,"loc":{"start":{"line":62,"column":16},"end":{"line":62,"column":37}}},"6":{"name":"(anonymous_6)","line":65,"loc":{"start":{"line":65,"column":50},"end":{"line":65,"column":64}}}},"statementMap":{"1":{"start":{"line":5,"column":0},"end":{"line":5,"column":41}},"2":{"start":{"line":6,"column":0},"end":{"line":6,"column":34}},"3":{"start":{"line":9,"column":0},"end":{"line":9,"column":35}},"4":{"start":{"line":13,"column":0},"end":{"line":29,"column":3}},"5":{"start":{"line":16,"column":4},"end":{"line":28,"column":7}},"6":{"start":{"line":17,"column":8},"end":{"line":27,"column":9}},"7":{"start":{"line":18,"column":12},"end":{"line":18,"column":59}},"8":{"start":{"line":19,"column":12},"end":{"line":19,"column":28}},"9":{"start":{"line":21,"column":12},"end":{"line":23,"column":13}},"10":{"start":{"line":22,"column":16},"end":{"line":22,"column":27}},"11":{"start":{"line":26,"column":12},"end":{"line":26,"column":30}},"12":{"start":{"line":32,"column":0},"end":{"line":55,"column":3}},"13":{"start":{"line":35,"column":2},"end":{"line":38,"column":5}},"14":{"start":{"line":41,"column":2},"end":{"line":54,"column":5}},"15":{"start":{"line":42,"column":6},"end":{"line":53,"column":7}},"16":{"start":{"line":43,"column":8},"end":{"line":50,"column":9}},"17":{"start":{"line":45,"column":12},"end":{"line":45,"column":70}},"18":{"start":{"line":48,"column":12},"end":{"line":48,"column":61}},"19":{"start":{"line":49,"column":12},"end":{"line":49,"column":40}},"20":{"start":{"line":52,"column":10},"end":{"line":52,"column":32}},"21":{"start":{"line":59,"column":0},"end":{"line":59,"column":39}},"22":{"start":{"line":62,"column":0},"end":{"line":72,"column":3}},"23":{"start":{"line":65,"column":2},"end":{"line":71,"column":7}},"24":{"start":{"line":66,"column":8},"end":{"line":70,"column":9}},"25":{"start":{"line":67,"column":12},"end":{"line":67,"column":60}},"26":{"start":{"line":69,"column":12},"end":{"line":69,"column":36}},"27":{"start":{"line":75,"column":0},"end":{"line":75,"column":24}}},"branchMap":{"1":{"line":17,"type":"if","locations":[{"start":{"line":17,"column":8},"end":{"line":17,"column":8}},{"start":{"line":17,"column":8},"end":{"line":17,"column":8}}]},"2":{"line":21,"type":"if","locations":[{"start":{"line":21,"column":12},"end":{"line":21,"column":12}},{"start":{"line":21,"column":12},"end":{"line":21,"column":12}}]},"3":{"line":42,"type":"if","locations":[{"start":{"line":42,"column":6},"end":{"line":42,"column":6}},{"start":{"line":42,"column":6},"end":{"line":42,"column":6}}]},"4":{"line":43,"type":"if","locations":[{"start":{"line":43,"column":8},"end":{"line":43,"column":8}},{"start":{"line":43,"column":8},"end":{"line":43,"column":8}}]},"5":{"line":43,"type":"binary-expr","locations":[{"start":{"line":43,"column":13},"end":{"line":43,"column":31}},{"start":{"line":43,"column":35},"end":{"line":43,"column":50}}]},"6":{"line":66,"type":"if","locations":[{"start":{"line":66,"column":8},"end":{"line":66,"column":8}},{"start":{"line":66,"column":8},"end":{"line":66,"column":8}}]}}}}