TN:
SF:/Users/bzweimueller/Documents/webserver/www/ES6_chat/app.js
FN:34,(anonymous_1)
FN:55,(anonymous_2)
FN:67,(anonymous_3)
FN:76,(anonymous_4)
FN:91,(anonymous_5)
FN:97,(anonymous_6)
FN:131,(anonymous_7)
FN:148,(anonymous_8)
FN:160,(anonymous_9)
FNF:9
FNH:7
FNDA:0,(anonymous_1)
FNDA:1,(anonymous_2)
FNDA:5,(anonymous_3)
FNDA:5,(anonymous_4)
FNDA:0,(anonymous_5)
FNDA:1,(anonymous_6)
FNDA:1,(anonymous_7)
FNDA:1,(anonymous_8)
FNDA:1,(anonymous_9)
DA:9,1
DA:16,1
DA:17,1
DA:20,1
DA:21,1
DA:25,1
DA:28,1
DA:29,1
DA:30,1
DA:31,1
DA:34,1
DA:35,0
DA:40,1
DA:42,1
DA:43,1
DA:49,1
DA:53,1
DA:56,1
DA:62,1
DA:67,1
DA:69,5
DA:72,5
DA:75,5
DA:76,5
DA:77,5
DA:78,0
DA:79,0
DA:82,5
DA:83,25
DA:91,5
DA:93,0
DA:97,5
DA:99,1
DA:101,0
DA:102,1
DA:103,1
DA:106,1
DA:109,1
DA:112,1
DA:115,1
DA:117,1
DA:119,1
DA:120,1
DA:122,1
DA:126,0
DA:131,5
DA:133,1
DA:135,1
DA:136,1
DA:138,1
DA:140,1
DA:141,1
DA:142,1
DA:143,1
DA:144,1
DA:148,5
DA:151,1
DA:154,1
DA:155,1
DA:160,5
DA:162,1
DA:164,1
DA:166,1
LF:63
LH:57
BRDA:25,1,0,1
BRDA:25,1,1,1
BRDA:77,2,0,0
BRDA:77,2,1,5
BRDA:99,3,0,0
BRDA:99,3,1,1
BRDA:102,4,0,1
BRDA:102,4,1,0
BRF:8
BRH:5
end_of_record
TN:
SF:/Users/bzweimueller/Documents/webserver/www/ES6_chat/api/index.js
FNF:0
FNH:0
DA:3,1
DA:4,1
DA:7,1
DA:8,1
DA:11,1
DA:12,1
DA:15,1
LF:7
LH:7
BRF:0
BRH:0
end_of_record
TN:
SF:/Users/bzweimueller/Documents/webserver/www/ES6_chat/api/room/index.js
FN:14,(anonymous_1)
FN:17,(anonymous_2)
FN:32,(anonymous_3)
FN:40,(anonymous_4)
FN:60,(anonymous_5)
FN:65,(anonymous_6)
FNF:6
FNH:0
FNDA:0,(anonymous_1)
FNDA:0,(anonymous_2)
FNDA:0,(anonymous_3)
FNDA:0,(anonymous_4)
FNDA:0,(anonymous_5)
FNDA:0,(anonymous_6)
DA:5,1
DA:6,1
DA:9,1
DA:10,1
DA:14,1
DA:17,0
DA:18,0
DA:19,0
DA:20,0
DA:23,0
DA:24,0
DA:26,0
DA:32,1
DA:35,0
DA:40,0
DA:41,0
DA:42,0
DA:44,0
DA:47,0
DA:48,0
DA:51,0
DA:57,1
DA:60,1
DA:61,0
DA:65,0
DA:66,0
DA:67,0
DA:69,0
DA:70,0
DA:76,1
LF:30
LH:9
BRDA:18,1,0,0
BRDA:18,1,1,0
BRDA:23,2,0,0
BRDA:23,2,1,0
BRDA:41,3,0,0
BRDA:41,3,1,0
BRDA:42,4,0,0
BRDA:42,4,1,0
BRDA:42,5,0,0
BRDA:42,5,1,0
BRDA:66,6,0,0
BRDA:66,6,1,0
BRF:12
BRH:0
end_of_record
TN:
SF:/Users/bzweimueller/Documents/webserver/www/ES6_chat/api/room/room.js
FNF:0
FNH:0
DA:3,1
DA:6,1
DA:10,1
DA:18,1
LF:4
LH:4
BRF:0
BRH:0
end_of_record
TN:
SF:/Users/bzweimueller/Documents/webserver/www/ES6_chat/api/connection.js
FN:7,(anonymous_1)
FN:23,(anonymous_2)
FN:28,(anonymous_3)
FN:34,(anonymous_4)
FN:40,(anonymous_5)
FN:47,(anonymous_6)
FN:55,(anonymous_7)
FN:70,onInsert
FNF:8
FNH:6
FNDA:1,(anonymous_1)
FNDA:0,(anonymous_2)
FNDA:0,(anonymous_3)
FNDA:1,(anonymous_4)
FNDA:1,(anonymous_5)
FNDA:1,(anonymous_6)
FNDA:1,(anonymous_7)
FNDA:1,onInsert
DA:3,1
DA:5,1
DA:7,1
DA:10,1
DA:20,1
DA:23,1
DA:24,0
DA:28,1
DA:29,0
DA:30,0
DA:34,1
DA:35,1
DA:39,1
DA:40,1
DA:44,1
DA:46,3
DA:47,1
DA:48,1
DA:49,1
DA:54,3
DA:55,1
DA:56,1
DA:57,1
DA:66,1
DA:70,1
DA:71,1
DA:72,0
DA:74,1
DA:75,1
DA:76,1
DA:81,1
LF:31
LH:27
BRDA:46,1,0,1
BRDA:46,1,1,2
BRDA:54,2,0,1
BRDA:54,2,1,2
BRDA:71,3,0,0
BRDA:71,3,1,1
BRF:6
BRH:5
end_of_record
TN:
SF:/Users/bzweimueller/Documents/webserver/www/ES6_chat/api/user/user.js
FNF:0
FNH:0
DA:3,1
DA:6,1
DA:10,1
DA:22,1
LF:4
LH:4
BRF:0
BRH:0
end_of_record
TN:
SF:/Users/bzweimueller/Documents/webserver/www/ES6_chat/api/user/index.js
FN:13,(anonymous_1)
FN:16,(anonymous_2)
FN:32,(anonymous_3)
FN:40,(anonymous_4)
FN:61,(anonymous_5)
FN:64,(anonymous_6)
FNF:6
FNH:0
FNDA:0,(anonymous_1)
FNDA:0,(anonymous_2)
FNDA:0,(anonymous_3)
FNDA:0,(anonymous_4)
FNDA:0,(anonymous_5)
FNDA:0,(anonymous_6)
DA:5,1
DA:6,1
DA:9,1
DA:13,1
DA:16,0
DA:17,0
DA:18,0
DA:19,0
DA:21,0
DA:22,0
DA:26,0
DA:32,1
DA:35,0
DA:40,0
DA:41,0
DA:42,0
DA:44,0
DA:47,0
DA:48,0
DA:51,0
DA:58,1
DA:61,1
DA:64,0
DA:65,0
DA:66,0
DA:68,0
DA:74,1
LF:27
LH:8
BRDA:17,1,0,0
BRDA:17,1,1,0
BRDA:21,2,0,0
BRDA:21,2,1,0
BRDA:41,3,0,0
BRDA:41,3,1,0
BRDA:42,4,0,0
BRDA:42,4,1,0
BRDA:42,5,0,0
BRDA:42,5,1,0
BRDA:65,6,0,0
BRDA:65,6,1,0
BRF:12
BRH:0
end_of_record
